<?xml version="1.0" encoding="UTF-8"?>
<coverage generated="1551976944926" clover="3.2.0">
  <project timestamp="1551976944926" name="All files">
    <metrics statements="22" coveredstatements="22" conditionals="10" coveredconditionals="9" methods="6" coveredmethods="6" elements="38" coveredelements="37" complexity="0" loc="22" ncloc="22" packages="1" files="3" classes="3">
      <file name="airport.js" path="/Users/georgeslevaillant/Documents/Makers/Javascript projects/Airport/airport.js">
        <metrics statements="17" coveredstatements="17" conditionals="8" coveredconditionals="8" methods="4" coveredmethods="4"/>
        <line num="1" count="2" type="stmt"/>
        <line num="5" count="5" type="stmt"/>
        <line num="6" count="5" type="stmt"/>
        <line num="7" count="5" type="stmt"/>
        <line num="8" count="5" type="stmt"/>
        <line num="12" count="4" type="cond" truecount="2" falsecount="0"/>
        <line num="13" count="1" type="stmt"/>
        <line num="14" count="3" type="cond" truecount="2" falsecount="0"/>
        <line num="15" count="2" type="stmt"/>
        <line num="16" count="2" type="stmt"/>
        <line num="18" count="1" type="stmt"/>
        <line num="24" count="1" type="stmt"/>
        <line num="25" count="1" type="stmt"/>
        <line num="29" count="3" type="cond" truecount="2" falsecount="0"/>
        <line num="30" count="2" type="stmt"/>
        <line num="32" count="1" type="stmt"/>
        <line num="38" count="2" type="stmt"/>
      </file>
      <file name="plane.js" path="/Users/georgeslevaillant/Documents/Makers/Javascript projects/Airport/plane.js">
        <metrics statements="2" coveredstatements="2" conditionals="0" coveredconditionals="0" methods="1" coveredmethods="1"/>
        <line num="3" count="3" type="stmt"/>
        <line num="7" count="2" type="stmt"/>
      </file>
      <file name="weather.js" path="/Users/georgeslevaillant/Documents/Makers/Javascript projects/Airport/weather.js">
        <metrics statements="3" coveredstatements="3" conditionals="2" coveredconditionals="1" methods="1" coveredmethods="1"/>
        <line num="4" count="1" type="stmt"/>
        <line num="5" count="1" type="cond" truecount="1" falsecount="1"/>
        <line num="9" count="2" type="stmt"/>
      </file>
    </metrics>
  </project>
</coverage>
