{"/Users/georgeslevaillant/Documents/Makers/Javascript projects/Airport/airport.js": {"path":"/Users/georgeslevaillant/Documents/Makers/Javascript projects/Airport/airport.js","statementMap":{"0":{"start":{"line":1,"column":16},"end":{"line":1,"column":36}},"1":{"start":{"line":5,"column":4},"end":{"line":5,"column":21}},"2":{"start":{"line":6,"column":4},"end":{"line":6,"column":21}},"3":{"start":{"line":7,"column":4},"end":{"line":7,"column":29}},"4":{"start":{"line":8,"column":4},"end":{"line":8,"column":40}},"5":{"start":{"line":12,"column":5},"end":{"line":19,"column":4}},"6":{"start":{"line":13,"column":7},"end":{"line":13,"column":43}},"7":{"start":{"line":14,"column":12},"end":{"line":19,"column":4}},"8":{"start":{"line":15,"column":7},"end":{"line":15,"column":30}},"9":{"start":{"line":16,"column":5},"end":{"line":16,"column":30}},"10":{"start":{"line":18,"column":5},"end":{"line":18,"column":40}},"11":{"start":{"line":24,"column":3},"end":{"line":24,"column":20}},"12":{"start":{"line":25,"column":3},"end":{"line":25,"column":29}},"13":{"start":{"line":29,"column":3},"end":{"line":33,"column":4}},"14":{"start":{"line":30,"column":5},"end":{"line":30,"column":17}},"15":{"start":{"line":32,"column":5},"end":{"line":32,"column":16}},"16":{"start":{"line":38,"column":0},"end":{"line":38,"column":25}}},"fnMap":{"0":{"name":"(anonymous_0)","decl":{"start":{"line":4,"column":2},"end":{"line":4,"column":3}},"loc":{"start":{"line":4,"column":57},"end":{"line":9,"column":3}},"line":4},"1":{"name":"(anonymous_1)","decl":{"start":{"line":11,"column":3},"end":{"line":11,"column":4}},"loc":{"start":{"line":11,"column":16},"end":{"line":20,"column":4}},"line":11},"2":{"name":"(anonymous_2)","decl":{"start":{"line":23,"column":2},"end":{"line":23,"column":3}},"loc":{"start":{"line":23,"column":13},"end":{"line":26,"column":2}},"line":23},"3":{"name":"(anonymous_3)","decl":{"start":{"line":28,"column":2},"end":{"line":28,"column":3}},"loc":{"start":{"line":28,"column":13},"end":{"line":34,"column":3}},"line":28}},"branchMap":{"0":{"loc":{"start":{"line":4,"column":20},"end":{"line":4,"column":32}},"type":"default-arg","locations":[{"start":{"line":4,"column":31},"end":{"line":4,"column":32}}],"line":4},"1":{"loc":{"start":{"line":4,"column":34},"end":{"line":4,"column":55}},"type":"default-arg","locations":[{"start":{"line":4,"column":44},"end":{"line":4,"column":55}}],"line":4},"2":{"loc":{"start":{"line":12,"column":5},"end":{"line":19,"column":4}},"type":"if","locations":[{"start":{"line":12,"column":5},"end":{"line":19,"column":4}},{"start":{"line":12,"column":5},"end":{"line":19,"column":4}}],"line":12},"3":{"loc":{"start":{"line":14,"column":12},"end":{"line":19,"column":4}},"type":"if","locations":[{"start":{"line":14,"column":12},"end":{"line":19,"column":4}},{"start":{"line":14,"column":12},"end":{"line":19,"column":4}}],"line":14},"4":{"loc":{"start":{"line":29,"column":3},"end":{"line":33,"column":4}},"type":"if","locations":[{"start":{"line":29,"column":3},"end":{"line":33,"column":4}},{"start":{"line":29,"column":3},"end":{"line":33,"column":4}}],"line":29}},"s":{"0":2,"1":5,"2":5,"3":5,"4":5,"5":4,"6":1,"7":3,"8":2,"9":2,"10":1,"11":1,"12":1,"13":3,"14":2,"15":1,"16":2},"f":{"0":5,"1":4,"2":1,"3":3},"b":{"0":[2],"1":[4],"2":[1,3],"3":[2,1],"4":[2,1]},"_coverageSchema":"332fd63041d2c1bcb487cc26dd0d5f7d97098a6c","hash":"1a7d310459856246c477dc1062654740f5d7b7cc"}
,"/Users/georgeslevaillant/Documents/Makers/Javascript projects/Airport/plane.js": {"path":"/Users/georgeslevaillant/Documents/Makers/Javascript projects/Airport/plane.js","statementMap":{"0":{"start":{"line":3,"column":4},"end":{"line":3,"column":21}},"1":{"start":{"line":7,"column":0},"end":{"line":7,"column":23}}},"fnMap":{"0":{"name":"(anonymous_0)","decl":{"start":{"line":2,"column":2},"end":{"line":2,"column":3}},"loc":{"start":{"line":2,"column":20},"end":{"line":4,"column":3}},"line":2}},"branchMap":{},"s":{"0":3,"1":2},"f":{"0":3},"b":{},"_coverageSchema":"332fd63041d2c1bcb487cc26dd0d5f7d97098a6c","hash":"572b8308e65adb661bf36ea03ba4e1d4062a9e04"}
,"/Users/georgeslevaillant/Documents/Makers/Javascript projects/Airport/weather.js": {"path":"/Users/georgeslevaillant/Documents/Makers/Javascript projects/Airport/weather.js","statementMap":{"0":{"start":{"line":4,"column":17},"end":{"line":4,"column":47}},"1":{"start":{"line":5,"column":4},"end":{"line":5,"column":58}},"2":{"start":{"line":5,"column":23},"end":{"line":5,"column":34}},"3":{"start":{"line":5,"column":44},"end":{"line":5,"column":56}},"4":{"start":{"line":9,"column":0},"end":{"line":9,"column":25}}},"fnMap":{"0":{"name":"(anonymous_0)","decl":{"start":{"line":3,"column":2},"end":{"line":3,"column":3}},"loc":{"start":{"line":3,"column":15},"end":{"line":6,"column":3}},"line":3}},"branchMap":{"0":{"loc":{"start":{"line":5,"column":4},"end":{"line":5,"column":58}},"type":"if","locations":[{"start":{"line":5,"column":4},"end":{"line":5,"column":58}},{"start":{"line":5,"column":4},"end":{"line":5,"column":58}}],"line":5}},"s":{"0":1,"1":1,"2":0,"3":1,"4":2},"f":{"0":1},"b":{"0":[0,1]},"_coverageSchema":"332fd63041d2c1bcb487cc26dd0d5f7d97098a6c","hash":"e919e8baf732710514113b02375e5508135348cc"}
}
