TN:
SF:/Users/georgeslevaillant/Documents/Makers/Javascript projects/Airport/airport.js
FN:4,(anonymous_0)
FN:11,(anonymous_1)
FN:23,(anonymous_2)
FN:28,(anonymous_3)
FNF:4
FNH:4
FNDA:5,(anonymous_0)
FNDA:4,(anonymous_1)
FNDA:1,(anonymous_2)
FNDA:3,(anonymous_3)
DA:1,2
DA:5,5
DA:6,5
DA:7,5
DA:8,5
DA:12,4
DA:13,1
DA:14,3
DA:15,2
DA:16,2
DA:18,1
DA:24,1
DA:25,1
DA:29,3
DA:30,2
DA:32,1
DA:38,2
LF:17
LH:17
BRDA:4,0,0,2
BRDA:4,1,0,4
BRDA:12,2,0,1
BRDA:12,2,1,3
BRDA:14,3,0,2
BRDA:14,3,1,1
BRDA:29,4,0,2
BRDA:29,4,1,1
BRF:8
BRH:8
end_of_record
TN:
SF:/Users/georgeslevaillant/Documents/Makers/Javascript projects/Airport/plane.js
FN:2,(anonymous_0)
FNF:1
FNH:1
FNDA:3,(anonymous_0)
DA:3,3
DA:7,2
LF:2
LH:2
BRF:0
BRH:0
end_of_record
TN:
SF:/Users/georgeslevaillant/Documents/Makers/Javascript projects/Airport/weather.js
FN:3,(anonymous_0)
FNF:1
FNH:1
FNDA:1,(anonymous_0)
DA:4,1
DA:5,1
DA:9,2
LF:3
LH:3
BRDA:5,0,0,0
BRDA:5,0,1,1
BRF:2
BRH:1
end_of_record
